<?xml version="1.0" encoding="UTF-8"?>
<testsuite name="com.dyno.chapter1.BankTransferTest" tests="5" skipped="0" failures="0" errors="0" timestamp="2024-11-30T10:56:21" hostname="sagwangjin-ui-MacBookPro-2.local" time="0.108">
  <properties/>
  <testcase name="testTransferAmountBetween5000And10000()" classname="com.dyno.chapter1.BankTransferTest" time="0.088"/>
  <testcase name="testTransferAmountBelow5000()" classname="com.dyno.chapter1.BankTransferTest" time="0.003"/>
  <testcase name="testTransferAmountExactly5000()" classname="com.dyno.chapter1.BankTransferTest" time="0.001"/>
  <testcase name="testTransferAmountAbove10000()" classname="com.dyno.chapter1.BankTransferTest" time="0.003"/>
  <testcase name="testTransferAmountExactly10000()" classname="com.dyno.chapter1.BankTransferTest" time="0.004"/>
  <system-out><![CDATA[]]></system-out>
  <system-err><![CDATA[]]></system-err>
</testsuite>
